c:\users\chris\desktop\dv1570\obj\x64\lualib\debug\lualib.pdb
c:\users\chris\desktop\dv1570\obj\x64\lualib\debug\lualib.idb
c:\users\chris\desktop\dv1570\obj\x64\lualib\debug\lobject.obj
c:\users\chris\desktop\dv1570\obj\x64\lualib\debug\loadlib.obj
c:\users\chris\desktop\dv1570\obj\x64\lualib\debug\lmem.obj
c:\users\chris\desktop\dv1570\obj\x64\lualib\debug\lmathlib.obj
c:\users\chris\desktop\dv1570\obj\x64\lualib\debug\llex.obj
c:\users\chris\desktop\dv1570\obj\x64\lualib\debug\liolib.obj
c:\users\chris\desktop\dv1570\obj\x64\lualib\debug\linit.obj
c:\users\chris\desktop\dv1570\obj\x64\lualib\debug\lgc.obj
c:\users\chris\desktop\dv1570\obj\x64\lualib\debug\lfunc.obj
c:\users\chris\desktop\dv1570\obj\x64\lualib\debug\ldump.obj
c:\users\chris\desktop\dv1570\obj\x64\lualib\debug\ldo.obj
c:\users\chris\desktop\dv1570\obj\x64\lualib\debug\ldebug.obj
c:\users\chris\desktop\dv1570\obj\x64\lualib\debug\ldblib.obj
c:\users\chris\desktop\dv1570\obj\x64\lualib\debug\lctype.obj
c:\users\chris\desktop\dv1570\obj\x64\lualib\debug\lcorolib.obj
c:\users\chris\desktop\dv1570\obj\x64\lualib\debug\lcode.obj
c:\users\chris\desktop\dv1570\obj\x64\lualib\debug\lbitlib.obj
c:\users\chris\desktop\dv1570\obj\x64\lualib\debug\lbaselib.obj
c:\users\chris\desktop\dv1570\obj\x64\lualib\debug\lauxlib.obj
c:\users\chris\desktop\dv1570\obj\x64\lualib\debug\lapi.obj
c:\users\chris\desktop\dv1570\obj\x64\lualib\debug\lzio.obj
c:\users\chris\desktop\dv1570\obj\x64\lualib\debug\lvm.obj
c:\users\chris\desktop\dv1570\obj\x64\lualib\debug\lutf8lib.obj
c:\users\chris\desktop\dv1570\obj\x64\lualib\debug\lundump.obj
c:\users\chris\desktop\dv1570\obj\x64\lualib\debug\ltm.obj
c:\users\chris\desktop\dv1570\obj\x64\lualib\debug\ltablib.obj
c:\users\chris\desktop\dv1570\obj\x64\lualib\debug\ltable.obj
c:\users\chris\desktop\dv1570\obj\x64\lualib\debug\lstrlib.obj
c:\users\chris\desktop\dv1570\obj\x64\lualib\debug\lstring.obj
c:\users\chris\desktop\dv1570\obj\x64\lualib\debug\lstate.obj
c:\users\chris\desktop\dv1570\obj\x64\lualib\debug\lparser.obj
c:\users\chris\desktop\dv1570\obj\x64\lualib\debug\loslib.obj
c:\users\chris\desktop\dv1570\obj\x64\lualib\debug\lopcodes.obj
c:\users\chris\desktop\dv1570\lib\x64\lualibd.lib
c:\users\chris\desktop\dv1570\obj/x64/lualib/debug/vcpkg.applocal.log
c:\users\chris\desktop\dv1570\lib/x64/lualibd.lib
c:\users\chris\desktop\dv1570\obj\x64\lualib\debug\lualib.tlog\cl.command.1.tlog
c:\users\chris\desktop\dv1570\obj\x64\lualib\debug\lualib.tlog\cl.read.1.tlog
c:\users\chris\desktop\dv1570\obj\x64\lualib\debug\lualib.tlog\cl.write.1.tlog
c:\users\chris\desktop\dv1570\obj\x64\lualib\debug\lualib.tlog\lib-link.read.1.tlog
c:\users\chris\desktop\dv1570\obj\x64\lualib\debug\lualib.tlog\lib-link.write.1.tlog
c:\users\chris\desktop\dv1570\obj\x64\lualib\debug\lualib.tlog\lib.command.1.tlog
c:\users\chris\desktop\dv1570\obj\x64\lualib\debug\lualib.tlog\lualib.write.1u.tlog
