  Main.cpp
C:\Users\Chris\Desktop\Lua_Irrlicht_BTH_template - Copy\Lua_Irrlicht_BTH_template\Main.cpp(78,11): warning C4244: 'initializing': conversion from 'lua_Number' to 'float', possible loss of data
C:\Users\Chris\Desktop\Lua_Irrlicht_BTH_template - Copy\Lua_Irrlicht_BTH_template\Main.cpp(79,11): warning C4244: 'initializing': conversion from 'lua_Number' to 'float', possible loss of data
C:\Users\Chris\Desktop\Lua_Irrlicht_BTH_template - Copy\Lua_Irrlicht_BTH_template\Main.cpp(80,11): warning C4244: 'initializing': conversion from 'lua_Number' to 'float', possible loss of data
C:\Users\Chris\Desktop\Lua_Irrlicht_BTH_template - Copy\Lua_Irrlicht_BTH_template\Main.cpp(309,120): warning C4244: 'argument': conversion from 'float' to 'irr::u32', possible loss of data
C:\Users\Chris\Desktop\Lua_Irrlicht_BTH_template - Copy\Lua_Irrlicht_BTH_template\Main.cpp(309,114): warning C4244: 'argument': conversion from 'float' to 'irr::u32', possible loss of data
C:\Users\Chris\Desktop\Lua_Irrlicht_BTH_template - Copy\Lua_Irrlicht_BTH_template\Main.cpp(309,108): warning C4244: 'argument': conversion from 'float' to 'irr::u32', possible loss of data
C:\Users\Chris\Desktop\Lua_Irrlicht_BTH_template - Copy\Lua_Irrlicht_BTH_template\Main.cpp(309,102): warning C4244: 'argument': conversion from 'float' to 'irr::u32', possible loss of data
C:\Users\Chris\Desktop\Lua_Irrlicht_BTH_template - Copy\Lua_Irrlicht_BTH_template\Main.cpp(358,87): warning C4244: 'argument': conversion from 'const T' to 'float', possible loss of data
          with
          [
              T=irr::s32
          ]
C:\Users\Chris\Desktop\Lua_Irrlicht_BTH_template - Copy\Lua_Irrlicht_BTH_template\Main.cpp(358,50): warning C4244: 'argument': conversion from 'const T' to 'float', possible loss of data
          with
          [
              T=irr::s32
          ]
C:\Users\Chris\Desktop\Lua_Irrlicht_BTH_template - Copy\Lua_Irrlicht_BTH_template\Main.cpp(378,15): warning C4002: too many arguments for function-like macro invocation 'lua_pcall'
  Lua_Irrlicht_BTH_template.vcxproj -> C:\Users\Chris\Desktop\Lua_Irrlicht_BTH_template - Copy\Bin/x64/Lua_Irrlicht_BTH_templateD.exe
