c:\users\chris\desktop\dv1570\obj\x64\lua_irrlicht_bth_template\debug\vc142.pdb
c:\users\chris\desktop\dv1570\obj\x64\lua_irrlicht_bth_template\debug\vc142.idb
c:\users\chris\desktop\dv1570\obj\x64\lua_irrlicht_bth_template\debug\eventreceiver.obj
c:\users\chris\desktop\dv1570\obj\x64\lua_irrlicht_bth_template\debug\movable.obj
c:\users\chris\desktop\dv1570\obj\x64\lua_irrlicht_bth_template\debug\main.obj
c:\users\chris\desktop\dv1570\bin\x64\lua_irrlicht_bth_templated.exe
c:\users\chris\desktop\dv1570\bin\x64\lua_irrlicht_bth_templated.ilk
c:\users\chris\desktop\dv1570\bin\x64\lua_irrlicht_bth_templated.pdb
c:\users\chris\desktop\dv1570\obj/x64/lua_irrlicht_bth_template/debug/vcpkg.applocal.log
c:\users\chris\desktop\dv1570\obj\x64\lua_irrlicht_bth_template\debug\enemy.obj
c:\users\chris\desktop\dv1570\obj\x64\lua_irrlicht_bth_template\debug\player.obj
c:\users\chris\desktop\dv1570\obj\x64\lua_irrlicht_bth_template\debug\projectile.obj
c:\users\chris\desktop\dv1570\obj\x64\lua_irrlicht_bth_template\debug\vector3lua.obj
c:\users\chris\desktop\dv1570\bin/x64/lua_irrlicht_bth_templated.pdb
c:\users\chris\desktop\dv1570\bin/x64/lua_irrlicht_bth_templated.exe
c:\users\chris\desktop\dv1570\bin/x64/lua_irrlicht_bth_templated.ilk
c:\users\chris\desktop\dv1570\obj\x64\lua_irrlicht_bth_template\debug\lua_irrl.3b9b47dc.tlog\cl.command.1.tlog
c:\users\chris\desktop\dv1570\obj\x64\lua_irrlicht_bth_template\debug\lua_irrl.3b9b47dc.tlog\cl.read.1.tlog
c:\users\chris\desktop\dv1570\obj\x64\lua_irrlicht_bth_template\debug\lua_irrl.3b9b47dc.tlog\cl.write.1.tlog
c:\users\chris\desktop\dv1570\obj\x64\lua_irrlicht_bth_template\debug\lua_irrl.3b9b47dc.tlog\link.command.1.tlog
c:\users\chris\desktop\dv1570\obj\x64\lua_irrlicht_bth_template\debug\lua_irrl.3b9b47dc.tlog\link.read.1.tlog
c:\users\chris\desktop\dv1570\obj\x64\lua_irrlicht_bth_template\debug\lua_irrl.3b9b47dc.tlog\link.write.1.tlog
c:\users\chris\desktop\dv1570\obj\x64\lua_irrlicht_bth_template\debug\lua_irrl.3b9b47dc.tlog\lua_irrlicht_bth_template.write.1u.tlog
